------------------------------------------------------------------------------------------------------------------------

[2017-03-28 00:18:57 #1 store] 
Database 'C:\Users\Linniel\Documents\SweeperRefactored\out\artifacts\SweeperRefactored_jar\cases.odb' is opened by 12516@DESKTOP-E7FP1AJ

[2017-03-28 00:18:57 #2 type.registry] 
New type Case

[2017-03-28 00:18:57 #3 type] 
Type Case is not enhanced.

[2017-03-28 00:18:57 #4 type.registry] 
New type int[]

[2017-03-28 00:18:57 #5 type.registry] 
New type int[][]

------------------------------------------------------------------------------------------------------------------------

[2017-03-28 00:20:06 #1 store] 
Database 'C:\Users\Linniel\Documents\SweeperRefactored\out\artifacts\SweeperRefactored_jar\cases.odb' has been recovered (tr. 1-3)

[2017-03-28 00:20:06 #2 store] 
Database 'C:\Users\Linniel\Documents\SweeperRefactored\out\artifacts\SweeperRefactored_jar\cases.odb' is opened by 14524@DESKTOP-E7FP1AJ

[2017-03-28 00:20:06 #3 type] 
Type Case is not enhanced.

------------------------------------------------------------------------------------------------------------------------

[2017-03-28 00:20:44 #1 store] 
Database 'C:\Users\Linniel\Documents\SweeperRefactored\out\artifacts\SweeperRefactored_jar\cases.odb' is opened by 5660@DESKTOP-E7FP1AJ

[2017-03-28 00:20:44 #2 type] 
Type Case is not enhanced.

------------------------------------------------------------------------------------------------------------------------

[2017-03-28 00:21:25 #1 store] 
Database 'C:\Users\Linniel\Documents\SweeperRefactored\out\artifacts\SweeperRefactored_jar\cases.odb' is opened by 10008@DESKTOP-E7FP1AJ

[2017-03-28 00:21:25 #2 type] 
Type Case is not enhanced.

------------------------------------------------------------------------------------------------------------------------

[2017-03-28 00:23:34 #1 store] 
Database 'C:\Users\Linniel\Documents\SweeperRefactored\out\artifacts\SweeperRefactored_jar\cases.odb' has been recovered (tr. 462-472)

[2017-03-28 00:23:34 #2 store] 
Database 'C:\Users\Linniel\Documents\SweeperRefactored\out\artifacts\SweeperRefactored_jar\cases.odb' is opened by 7988@DESKTOP-E7FP1AJ

[2017-03-28 00:23:34 #3 type] 
Type Case is not enhanced.

------------------------------------------------------------------------------------------------------------------------

[2017-03-28 00:24:12 #1 store] 
Database 'C:\Users\Linniel\Documents\SweeperRefactored\out\artifacts\SweeperRefactored_jar\cases.odb' is opened by 9856@DESKTOP-E7FP1AJ

[2017-03-28 00:24:12 #2 type] 
Type Case is not enhanced.

------------------------------------------------------------------------------------------------------------------------

[2017-03-28 00:25:20 #1 store] 
Database 'C:\Users\Linniel\Documents\SweeperRefactored\out\artifacts\SweeperRefactored_jar\cases.odb' has been recovered (tr. 474-476)

[2017-03-28 00:25:20 #2 store] 
Database 'C:\Users\Linniel\Documents\SweeperRefactored\out\artifacts\SweeperRefactored_jar\cases.odb' is opened by 14408@DESKTOP-E7FP1AJ

[2017-03-28 00:25:20 #3 type] 
Type Case is not enhanced.

------------------------------------------------------------------------------------------------------------------------

[2017-03-28 07:40:32 #1 store] 
Database 'C:\Users\Linniel\Documents\SweeperRefactored\out\artifacts\SweeperRefactored_jar\cases.odb' has been recovered (tr. 477-1117)

[2017-03-28 07:40:32 #2 store] 
Database 'C:\Users\Linniel\Documents\SweeperRefactored\out\artifacts\SweeperRefactored_jar\cases.odb' is opened by 11416@DESKTOP-E7FP1AJ

[2017-03-28 07:40:32 #3 type] 
Type Case is not enhanced.

------------------------------------------------------------------------------------------------------------------------

[2017-03-28 08:12:47 #1 store] 
Database 'C:\Users\Linniel\Documents\SweeperRefactored\out\artifacts\SweeperRefactored_jar\cases.odb' has been recovered (tr. 1118-1136)

[2017-03-28 08:12:47 #2 store] 
Database 'C:\Users\Linniel\Documents\SweeperRefactored\out\artifacts\SweeperRefactored_jar\cases.odb' is opened by 2528@DESKTOP-E7FP1AJ

[2017-03-28 08:12:47 #3 type] 
Type Case is not enhanced.

------------------------------------------------------------------------------------------------------------------------

[2017-03-28 08:44:35 #1 store] 
Database 'C:\Users\Linniel\Documents\SweeperRefactored\out\artifacts\SweeperRefactored_jar\cases.odb' has been recovered (tr. 1137-1143)

[2017-03-28 08:44:35 #2 store] 
Database 'C:\Users\Linniel\Documents\SweeperRefactored\out\artifacts\SweeperRefactored_jar\cases.odb' is opened by 14360@DESKTOP-E7FP1AJ

[2017-03-28 08:44:35 #3 type] 
Type Case is not enhanced.

------------------------------------------------------------------------------------------------------------------------

[2017-03-28 08:48:21 #1 store] 
Database 'C:\Users\Linniel\Documents\SweeperRefactored\out\artifacts\SweeperRefactored_jar\cases.odb' has been recovered (tr. 1144-1144)

[2017-03-28 08:48:21 #2 store] 
Database 'C:\Users\Linniel\Documents\SweeperRefactored\out\artifacts\SweeperRefactored_jar\cases.odb' is opened by 2396@DESKTOP-E7FP1AJ

[2017-03-28 08:48:21 #3 type] 
Type Case is not enhanced.

------------------------------------------------------------------------------------------------------------------------

[2017-03-28 08:48:35 #1 store] 
Database 'C:\Users\Linniel\Documents\SweeperRefactored\out\artifacts\SweeperRefactored_jar\cases.odb' has been recovered (tr. 1145-1145)

[2017-03-28 08:48:35 #2 store] 
Database 'C:\Users\Linniel\Documents\SweeperRefactored\out\artifacts\SweeperRefactored_jar\cases.odb' is opened by 10636@DESKTOP-E7FP1AJ

[2017-03-28 08:48:35 #3 type] 
Type Case is not enhanced.

------------------------------------------------------------------------------------------------------------------------

[2017-03-28 09:02:03 #1 store] 
Database 'C:\Users\Linniel\Documents\SweeperRefactored\out\artifacts\SweeperRefactored_jar\cases.odb' has been recovered (tr. 1146-1152)

[2017-03-28 09:02:03 #2 store] 
Database 'C:\Users\Linniel\Documents\SweeperRefactored\out\artifacts\SweeperRefactored_jar\cases.odb' is opened by 1912@DESKTOP-E7FP1AJ

[2017-03-28 09:02:03 #3 type] 
Type Case is not enhanced.

------------------------------------------------------------------------------------------------------------------------

[2017-03-28 09:02:17 #1 store] 
Database 'C:\Users\Linniel\Documents\SweeperRefactored\out\artifacts\SweeperRefactored_jar\cases.odb' has been recovered (tr. 1153-1153)

[2017-03-28 09:02:17 #2 store] 
Database 'C:\Users\Linniel\Documents\SweeperRefactored\out\artifacts\SweeperRefactored_jar\cases.odb' is opened by 476@DESKTOP-E7FP1AJ

[2017-03-28 09:02:17 #3 type] 
Type Case is not enhanced.

------------------------------------------------------------------------------------------------------------------------

[2017-03-28 09:03:42 #1 store] 
Database 'C:\Users\Linniel\Documents\SweeperRefactored\out\artifacts\SweeperRefactored_jar\cases.odb' is opened by 1176@DESKTOP-E7FP1AJ

[2017-03-28 09:03:42 #2 type] 
Type Case is not enhanced.

------------------------------------------------------------------------------------------------------------------------

[2017-03-28 09:04:07 #1 store] 
Database 'C:\Users\Linniel\Documents\SweeperRefactored\out\artifacts\SweeperRefactored_jar\cases.odb' has been recovered (tr. 1156-1156)

[2017-03-28 09:04:07 #2 store] 
Database 'C:\Users\Linniel\Documents\SweeperRefactored\out\artifacts\SweeperRefactored_jar\cases.odb' is opened by 1428@DESKTOP-E7FP1AJ

[2017-03-28 09:04:07 #3 type] 
Type Case is not enhanced.

------------------------------------------------------------------------------------------------------------------------

[2017-03-28 09:05:37 #1 store] 
Database 'C:\Users\Linniel\Documents\SweeperRefactored\out\artifacts\SweeperRefactored_jar\cases.odb' has been recovered (tr. 1157-1157)

[2017-03-28 09:05:38 #2 store] 
Database 'C:\Users\Linniel\Documents\SweeperRefactored\out\artifacts\SweeperRefactored_jar\cases.odb' is opened by 8504@DESKTOP-E7FP1AJ

[2017-03-28 09:05:38 #3 type] 
Type Case is not enhanced.

------------------------------------------------------------------------------------------------------------------------

[2017-03-28 09:06:01 #1 store] 
Database 'C:\Users\Linniel\Documents\SweeperRefactored\out\artifacts\SweeperRefactored_jar\cases.odb' has been recovered (tr. 1158-1158)

[2017-03-28 09:06:01 #2 store] 
Database 'C:\Users\Linniel\Documents\SweeperRefactored\out\artifacts\SweeperRefactored_jar\cases.odb' is opened by 4204@DESKTOP-E7FP1AJ

[2017-03-28 09:06:01 #3 type] 
Type Case is not enhanced.

------------------------------------------------------------------------------------------------------------------------

[2017-03-28 09:07:34 #1 store] 
Database 'C:\Users\Linniel\Documents\SweeperRefactored\out\artifacts\SweeperRefactored_jar\cases.odb' has been recovered (tr. 1159-1159)

[2017-03-28 09:07:34 #2 store] 
Database 'C:\Users\Linniel\Documents\SweeperRefactored\out\artifacts\SweeperRefactored_jar\cases.odb' is opened by 14832@DESKTOP-E7FP1AJ

[2017-03-28 09:07:34 #3 type] 
Type Case is not enhanced.

------------------------------------------------------------------------------------------------------------------------

[2017-03-28 09:10:25 #1 store] 
Database 'C:\Users\Linniel\Documents\SweeperRefactored\out\artifacts\SweeperRefactored_jar\cases.odb' has been recovered (tr. 1160-1160)

[2017-03-28 09:10:25 #2 store] 
Database 'C:\Users\Linniel\Documents\SweeperRefactored\out\artifacts\SweeperRefactored_jar\cases.odb' is opened by 10116@DESKTOP-E7FP1AJ

[2017-03-28 09:10:25 #3 type] 
Type Case is not enhanced.

------------------------------------------------------------------------------------------------------------------------

[2017-03-28 09:10:48 #1 store] 
Database 'C:\Users\Linniel\Documents\SweeperRefactored\out\artifacts\SweeperRefactored_jar\cases.odb' is opened by 8092@DESKTOP-E7FP1AJ

[2017-03-28 09:10:48 #2 type] 
Type Case is not enhanced.

------------------------------------------------------------------------------------------------------------------------

[2017-03-28 09:13:18 #1 store] 
Database 'C:\Users\Linniel\Documents\SweeperRefactored\out\artifacts\SweeperRefactored_jar\cases.odb' is opened by 7148@DESKTOP-E7FP1AJ

[2017-03-28 09:13:18 #2 type] 
Type Case is not enhanced.

------------------------------------------------------------------------------------------------------------------------

[2017-03-28 18:20:47 #1 store] 
Database 'C:\Users\Linniel\Documents\SweeperRefactored\out\artifacts\SweeperRefactored_jar\cases.odb' has been recovered (tr. 1161-1276)

[2017-03-28 18:20:47 #2 store] 
Database 'C:\Users\Linniel\Documents\SweeperRefactored\out\artifacts\SweeperRefactored_jar\cases.odb' is opened by 15112@DESKTOP-E7FP1AJ

[2017-03-28 18:20:47 #3 type] 
Type Case is not enhanced.

------------------------------------------------------------------------------------------------------------------------

[2017-03-28 18:23:11 #1 store] 
Database 'C:\Users\Linniel\Documents\SweeperRefactored\out\artifacts\SweeperRefactored_jar\cases.odb' has been recovered (tr. 1277-1277)

[2017-03-28 18:23:11 #2 store] 
Database 'C:\Users\Linniel\Documents\SweeperRefactored\out\artifacts\SweeperRefactored_jar\cases.odb' is opened by 5484@DESKTOP-E7FP1AJ

[2017-03-28 18:23:12 #3 type] 
Type Case is not enhanced.

