------------------------------------------------------------------------------------------------------------------------

[2017-03-10 15:22:26 #1 store] 
Database 'C:\Users\Linniel\Documents\SweeperRefactored\out\artifacts\SweeperRefactored_jar\cases.odb' is opened by 8904@DESKTOP-E7FP1AJ

[2017-03-10 15:22:26 #2 type.registry] 
New type Case

[2017-03-10 15:22:26 #3 type] 
Type Case is not enhanced.

[2017-03-10 15:22:26 #4 type.registry] 
New type int[]

[2017-03-10 15:22:26 #5 type.registry] 
New type int[][]

------------------------------------------------------------------------------------------------------------------------

[2017-03-10 15:24:56 #1 store] 
Database 'C:\Users\Linniel\Documents\SweeperRefactored\out\artifacts\SweeperRefactored_jar\cases.odb' has been recovered (tr. 1-10)

[2017-03-10 15:24:56 #2 store] 
Database 'C:\Users\Linniel\Documents\SweeperRefactored\out\artifacts\SweeperRefactored_jar\cases.odb' is opened by 6508@DESKTOP-E7FP1AJ

[2017-03-10 15:24:56 #3 type] 
Type Case is not enhanced.

------------------------------------------------------------------------------------------------------------------------

[2017-03-10 15:26:52 #1 store] 
Database 'C:\Users\Linniel\Documents\SweeperRefactored\out\artifacts\SweeperRefactored_jar\cases.odb' has been recovered (tr. 11-11)

[2017-03-10 15:26:52 #2 store] 
Database 'C:\Users\Linniel\Documents\SweeperRefactored\out\artifacts\SweeperRefactored_jar\cases.odb' is opened by 13172@DESKTOP-E7FP1AJ

[2017-03-10 15:26:52 #3 type] 
Type Case is not enhanced.

------------------------------------------------------------------------------------------------------------------------

[2017-03-10 15:28:58 #1 store] 
Database 'C:\Users\Linniel\Documents\SweeperRefactored\out\artifacts\SweeperRefactored_jar\cases.odb' is opened by 6032@DESKTOP-E7FP1AJ

[2017-03-10 15:28:58 #2 type] 
Type Case is not enhanced.

------------------------------------------------------------------------------------------------------------------------

[2017-03-10 15:37:22 #1 store] 
Database 'C:\Users\Linniel\Documents\SweeperRefactored\out\artifacts\SweeperRefactored_jar\cases.odb' has been recovered (tr. 12-24)

[2017-03-10 15:37:22 #2 store] 
Database 'C:\Users\Linniel\Documents\SweeperRefactored\out\artifacts\SweeperRefactored_jar\cases.odb' is opened by 13028@DESKTOP-E7FP1AJ

[2017-03-10 15:37:22 #3 type] 
Type Case is not enhanced.

------------------------------------------------------------------------------------------------------------------------

[2017-03-10 15:37:44 #1 store] 
Database 'C:\Users\Linniel\Documents\SweeperRefactored\out\artifacts\SweeperRefactored_jar\cases.odb' is opened by 10048@DESKTOP-E7FP1AJ

[2017-03-10 15:37:45 #2 type] 
Type Case is not enhanced.

------------------------------------------------------------------------------------------------------------------------

[2017-03-10 15:38:53 #1 store] 
Database 'C:\Users\Linniel\Documents\SweeperRefactored\out\artifacts\SweeperRefactored_jar\cases.odb' is opened by 6296@DESKTOP-E7FP1AJ

[2017-03-10 15:38:53 #2 type] 
Type Case is not enhanced.

------------------------------------------------------------------------------------------------------------------------

[2017-03-10 15:40:11 #1 store] 
Database 'C:\Users\Linniel\Documents\SweeperRefactored\out\artifacts\SweeperRefactored_jar\cases.odb' is opened by 8268@DESKTOP-E7FP1AJ

[2017-03-10 15:40:11 #2 type] 
Type Case is not enhanced.

