------------------------------------------------------------------------------------------------------------------------

[2017-04-19 21:16:33 #1 store] 
Database 'C:\Users\Linniel\Documents\SweeperRefactored\out\artifacts\SweeperRefactored-NF WinL UT\cases.odb' is opened by 4900@DESKTOP-E7FP1AJ

[2017-04-19 21:16:33 #2 type.registry] 
New type Linniel.Case

[2017-04-19 21:16:33 #3 type] 
Type Linniel.Case is not enhanced.

[2017-04-19 21:16:33 #4 type.registry] 
New type int[]

[2017-04-19 21:16:33 #5 type.registry] 
New type int[][]

------------------------------------------------------------------------------------------------------------------------

[2017-04-19 21:46:23 #1 store] 
Database 'C:\Users\Linniel\Documents\SweeperRefactored\out\artifacts\SweeperRefactored-NF WinL UT\cases.odb' is opened by 9536@DESKTOP-E7FP1AJ

[2017-04-19 21:46:23 #2 type.registry] 
New type Linniel.Case

[2017-04-19 21:46:23 #3 type] 
Type Linniel.Case is not enhanced.

[2017-04-19 21:46:23 #4 type.registry] 
New type int[]

[2017-04-19 21:46:23 #5 type.registry] 
New type int[][]

------------------------------------------------------------------------------------------------------------------------

[2017-04-19 21:47:01 #1 store] 
Database 'C:\Users\Linniel\Documents\SweeperRefactored\out\artifacts\SweeperRefactored-NF WinL UT\cases.odb' is opened by 5308@DESKTOP-E7FP1AJ

[2017-04-19 21:47:02 #2 type.registry] 
New type Linniel.Case

[2017-04-19 21:47:02 #3 type] 
Type Linniel.Case is not enhanced.

[2017-04-19 21:47:02 #4 type.registry] 
New type int[]

[2017-04-19 21:47:02 #5 type.registry] 
New type int[][]

------------------------------------------------------------------------------------------------------------------------

[2017-04-19 21:47:25 #1 store] 
Database 'C:\Users\Linniel\Documents\SweeperRefactored\out\artifacts\SweeperRefactored-NF WinL UT\cases.odb' is opened by 2304@DESKTOP-E7FP1AJ

[2017-04-19 21:47:25 #2 type.registry] 
New type Linniel.Case

[2017-04-19 21:47:25 #3 type] 
Type Linniel.Case is not enhanced.

[2017-04-19 21:47:25 #4 type.registry] 
New type int[]

[2017-04-19 21:47:25 #5 type.registry] 
New type int[][]

------------------------------------------------------------------------------------------------------------------------

[2017-04-19 21:52:56 #1 store] 
Database 'C:\Users\Linniel\Documents\SweeperRefactored\out\artifacts\SweeperRefactored-NF WinL UT\cases.odb' is opened by 9456@DESKTOP-E7FP1AJ

[2017-04-19 21:52:57 #2 type] 
Type Linniel.Case is not enhanced.

