------------------------------------------------------------------------------------------------------------------------

[2017-04-05 14:17:26 #1 store] 
Database 'C:\Users\Linniel\Documents\SweeperRefactored\out\artifacts\SweeperRefactored_jar\cases.odb' is opened by 11080@DESKTOP-E7FP1AJ

[2017-04-05 14:17:26 #2 type.registry] 
New type Case

[2017-04-05 14:17:26 #3 type] 
Type Case is not enhanced.

[2017-04-05 14:17:26 #4 type.registry] 
New type int[]

[2017-04-05 14:17:26 #5 type.registry] 
New type int[][]

------------------------------------------------------------------------------------------------------------------------

[2017-04-05 14:17:58 #1 store] 
Database 'C:\Users\Linniel\Documents\SweeperRefactored\out\artifacts\SweeperRefactored_jar\cases.odb' is opened by 15076@DESKTOP-E7FP1AJ

[2017-04-05 14:17:58 #2 type.registry] 
New type Case

[2017-04-05 14:17:58 #3 type] 
Type Case is not enhanced.

[2017-04-05 14:17:58 #4 type.registry] 
New type int[]

[2017-04-05 14:17:58 #5 type.registry] 
New type int[][]

------------------------------------------------------------------------------------------------------------------------

[2017-04-05 14:19:39 #1 store] 
Database 'C:\Users\Linniel\Documents\SweeperRefactored\out\artifacts\SweeperRefactored_jar\cases.odb' is opened by 4676@DESKTOP-E7FP1AJ

[2017-04-05 14:19:40 #2 type.registry] 
New type Case

[2017-04-05 14:19:40 #3 type] 
Type Case is not enhanced.

[2017-04-05 14:19:40 #4 type.registry] 
New type int[]

[2017-04-05 14:19:40 #5 type.registry] 
New type int[][]

------------------------------------------------------------------------------------------------------------------------

[2017-04-05 14:26:23 #1 store] 
Database 'C:\Users\Linniel\Documents\SweeperRefactored\out\artifacts\SweeperRefactored_jar\cases.odb' is opened by 8536@DESKTOP-E7FP1AJ

[2017-04-05 14:26:23 #2 type] 
Type Case is not enhanced.

------------------------------------------------------------------------------------------------------------------------

[2017-04-05 14:35:37 #1 store] 
Database 'C:\Users\Linniel\Documents\SweeperRefactored\out\artifacts\SweeperRefactored_jar\cases.odb' is opened by 11812@DESKTOP-E7FP1AJ

[2017-04-05 14:35:37 #2 type.registry] 
New type Case

[2017-04-05 14:35:37 #3 type] 
Type Case is not enhanced.

[2017-04-05 14:35:37 #4 type.registry] 
New type int[]

[2017-04-05 14:35:37 #5 type.registry] 
New type int[][]

------------------------------------------------------------------------------------------------------------------------

[2017-04-05 14:35:40 #1 store] 
Database 'C:\Users\Linniel\Documents\SweeperRefactored\out\artifacts\SweeperRefactored_jar\cases.odb' has been recovered (tr. 1-3)

[2017-04-05 14:35:40 #2 store] 
Database 'C:\Users\Linniel\Documents\SweeperRefactored\out\artifacts\SweeperRefactored_jar\cases.odb' is opened by 13072@DESKTOP-E7FP1AJ

[2017-04-05 14:35:40 #3 type] 
Type Case is not enhanced.

------------------------------------------------------------------------------------------------------------------------

[2017-04-05 14:38:25 #1 store] 
Database 'C:\Users\Linniel\Documents\SweeperRefactored\out\artifacts\SweeperRefactored_jar\cases.odb' is opened by 10568@DESKTOP-E7FP1AJ

[2017-04-05 14:38:25 #2 type] 
Type Case is not enhanced.

------------------------------------------------------------------------------------------------------------------------

[2017-04-05 23:59:56 #1 store] 
Database 'C:\Users\Linniel\Documents\SweeperRefactored\out\artifacts\SweeperRefactored-Both\cases.odb' is opened by 15864@DESKTOP-E7FP1AJ

[2017-04-05 23:59:56 #2 type.registry] 
New type Case

[2017-04-05 23:59:56 #3 type] 
Type Case is not enhanced.

[2017-04-05 23:59:56 #4 type.registry] 
New type int[]

[2017-04-05 23:59:56 #5 type.registry] 
New type int[][]

